android/app/build/outputs/logs/manifest-merger-debug-report.txt
-- Merging decision tree log ---
manifest
ADDED from src/main/AndroidManifest.xml:1:1-53:12
INJECTED from src/main/AndroidManifest.xml:1:1-53:12
INJECTED from src/main/AndroidManifest.xml:1:1-53:12
INJECTED from src/main/AndroidManifest.xml:1:1-53:12
MERGED from [:react-native-splash-screen] AndroidManifest.xml:2:1-14:12
MERGED from [:lottie-react-native] AndroidManifest.xml:2:1-11:12
MERGED from [:react-native-svg] AndroidManifest.xml:2:1-9:12
MERGED from [:react-native-screens] AndroidManifest.xml:2:1-11:12
MERGED from [:react-native-reanimated] AndroidManifest.xml:2:1-11:12
MERGED from [:react-native-gesture-handler] AndroidManifest.xml:2:1-11:12
MERGED from [:expo-permissions] AndroidManifest.xml:2:1-11:12
MERGED from [:expo-camera] AndroidManifest.xml:2:1-11:12
MERGED from [com.google.android:cameraview:1.0.0] AndroidManifest.xml:14:1-34:12
MERGED from [:expo-image-picker] AndroidManifest.xml:2:1-25:12
MERGED from [com.theartofdev.edmodo:android-image-cropper:2.7.0] AndroidManifest.xml:2:1-11:12
MERGED from [:expo-facebook] AndroidManifest.xml:2:1-11:12
MERGED from [com.facebook.android:facebook-android-sdk:5.0.1] AndroidManifest.xml:21:1-31:12
MERGED from [com.facebook.android:facebook-login:5.0.1] AndroidManifest.xml:21:1-31:12
MERGED from [com.facebook.android:facebook-share:5.0.1] AndroidManifest.xml:21:1-31:12
MERGED from [com.facebook.android:facebook-common:5.0.1] AndroidManifest.xml:21:1-37:12
MERGED from [:unimodules-react-native-adapter] AndroidManifest.xml:2:1-11:12
MERGED from [com.facebook.react:react-native:0.61.5] AndroidManifest.xml:2:1-13:12
MERGED from [com.airbnb.android:lottie:3.0.7] AndroidManifest.xml:2:1-11:12
MERGED from [com.google.android.material:material:1.0.0] AndroidManifest.xml:17:1-24:12
MERGED from [androidx.appcompat:appcompat:1.1.0] AndroidManifest.xml:17:1-24:12
MERGED from [:expo-app-loader-provider] AndroidManifest.xml:2:1-11:12
MERGED from [:expo-av] AndroidManifest.xml:2:1-11:12
MERGED from [:expo-brightness] AndroidManifest.xml:2:1-11:12
MERGED from [:expo-constants] AndroidManifest.xml:2:1-11:12
MERGED from [:expo-error-recovery] AndroidManifest.xml:2:1-11:12
MERGED from [:expo-file-system] AndroidManifest.xml:2:1-30:12
MERGED from [:expo-font] AndroidManifest.xml:2:1-11:12
MERGED from [:expo-in-app-purchases] AndroidManifest.xml:2:1-11:12
MERGED from [:expo-keep-awake] AndroidManifest.xml:2:1-11:12
MERGED from [:expo-linear-gradient] AndroidManifest.xml:2:1-11:12
MERGED from [:expo-location] AndroidManifest.xml:2:1-21:12
MERGED from [:expo-sqlite] AndroidManifest.xml:2:1-11:12
MERGED from [:expo-web-browser] AndroidManifest.xml:2:1-11:12
MERGED from [:unimodules-barcode-scanner-interface] AndroidManifest.xml:2:1-11:12
MERGED from [:unimodules-camera-interface] AndroidManifest.xml:2:1-11:12
MERGED from [:unimodules-constants-interface] AndroidManifest.xml:2:1-11:12
MERGED from [:unimodules-face-detector-interface] AndroidManifest.xml:2:1-11:12
MERGED from [:unimodules-file-system-interface] AndroidManifest.xml:2:1-11:12
MERGED from [:unimodules-font-interface] AndroidManifest.xml:2:1-11:12
MERGED from [:unimodules-permissions-interface] AndroidManifest.xml:2:1-11:12
MERGED from [:unimodules-task-manager-interface] AndroidManifest.xml:2:1-11:12
MERGED from [:unimodules-core] AndroidManifest.xml:2:1-11:12
MERGED from [:unimodules-image-loader-interface] AndroidManifest.xml:2:1-11:12
MERGED from [:unimodules-sensors-interface] AndroidManifest.xml:2:1-11:12
MERGED from [org.webkit:android-jsc:r245459] AndroidManifest.xml:2:1-11:12
MERGED from [com.google.android.gms:play-services-location:16.0.0] AndroidManifest.xml:2:1-9:12
MERGED from [com.google.android.gms:play-services-base:16.0.1] AndroidManifest.xml:17:1-29:12
MERGED from [com.google.android.gms:play-services-places-placereport:16.0.0] AndroidManifest.xml:17:1-24:12
MERGED from [com.google.android.gms:play-services-tasks:16.0.1] AndroidManifest.xml:2:1-9:12
MERGED from [com.google.android.gms:play-services-basement:16.0.1] AndroidManifest.xml:17:1-28:12
MERGED from [androidx.legacy:legacy-support-v4:1.0.0] AndroidManifest.xml:17:1-22:12
MERGED from [androidx.browser:browser:1.0.0] AndroidManifest.xml:17:1-22:12
MERGED from [androidx.recyclerview:recyclerview:1.0.0] AndroidManifest.xml:17:1-22:12
MERGED from [androidx.legacy:legacy-support-core-ui:1.0.0] AndroidManifest.xml:17:1-22:12
MERGED from [androidx.coordinatorlayout:coordinatorlayout:1.0.0] AndroidManifest.xml:17:1-22:12
MERGED from [androidx.transition:transition:1.1.0] AndroidManifest.xml:17:1-22:12
MERGED from [com.facebook.fresco:fresco:2.0.0] AndroidManifest.xml:2:1-9:12
MERGED from [com.facebook.fresco:imagepipeline-okhttp3:2.0.0] AndroidManifest.xml:2:1-9:12
MERGED from [com.facebook.fresco:drawee:2.0.0] AndroidManifest.xml:2:1-9:12
MERGED from [com.facebook.fresco:nativeimagefilters:2.0.0] AndroidManifest.xml:2:1-9:12
MERGED from [com.facebook.fresco:imagepipeline:2.0.0] AndroidManifest.xml:2:1-9:12
MERGED from [com.facebook.fresco:nativeimagetranscoder:2.0.0] AndroidManifest.xml:2:1-9:12
MERGED from [com.facebook.fresco:imagepipeline-base:2.0.0] AndroidManifest.xml:2:1-9:12
MERGED from [com.facebook.soloader:soloader:0.6.0] AndroidManifest.xml:2:1-13:12
MERGED from [com.google.android.exoplayer:extension-okhttp:2.9.2] AndroidManifest.xml:17:1-24:12
MERGED from [com.github.bumptech.glide:glide:4.9.0] AndroidManifest.xml:2:1-12:12
MERGED from [com.google.android.exoplayer:exoplayer:2.9.2] AndroidManifest.xml:17:1-24:12
MERGED from [com.yqritc:android-scalablevideoview:1.0.1] AndroidManifest.xml:2:1-12:12
MERGED from [com.android.billingclient:billing:2.0.0] AndroidManifest.xml:2:1-23:12
MERGED from [com.github.bumptech.glide:gifdecoder:4.9.0] AndroidManifest.xml:2:1-11:12
MERGED from [com.google.android.exoplayer:exoplayer-dash:2.9.2] AndroidManifest.xml:17:1-24:12
MERGED from [com.google.android.exoplayer:exoplayer-hls:2.9.2] AndroidManifest.xml:17:1-24:12
MERGED from [com.google.android.exoplayer:exoplayer-smoothstreaming:2.9.2] AndroidManifest.xml:17:1-24:12
MERGED from [com.google.android.exoplayer:exoplayer-ui:2.9.2] AndroidManifest.xml:17:1-24:12
MERGED from [com.google.android.exoplayer:exoplayer-core:2.9.2] AndroidManifest.xml:17:1-26:12
MERGED from [com.facebook.android:facebook-places:5.0.1] AndroidManifest.xml:21:1-31:12
MERGED from [com.facebook.android:facebook-applinks:5.0.1] AndroidManifest.xml:21:1-31:12
MERGED from [com.facebook.android:facebook-messenger:5.0.1] AndroidManifest.xml:21:1-31:12
MERGED from [com.facebook.android:facebook-core:5.0.1] AndroidManifest.xml:21:1-61:12
MERGED from [androidx.exifinterface:exifinterface:1.0.0] AndroidManifest.xml:17:1-22:12
MERGED from [androidx.fragment:fragment:1.1.0] AndroidManifest.xml:17:1-24:12
MERGED from [androidx.appcompat:appcompat-resources:1.1.0] AndroidManifest.xml:17:1-24:12
MERGED from [androidx.drawerlayout:drawerlayout:1.0.0] AndroidManifest.xml:17:1-22:12
MERGED from [androidx.viewpager:viewpager:1.0.0] AndroidManifest.xml:17:1-22:12
MERGED from [androidx.slidingpanelayout:slidingpanelayout:1.0.0] AndroidManifest.xml:17:1-22:12
MERGED from [androidx.customview:customview:1.0.0] AndroidManifest.xml:17:1-22:12
MERGED from [androidx.legacy:legacy-support-core-utils:1.0.0] AndroidManifest.xml:17:1-22:12
MERGED from [androidx.media:media:1.0.0] AndroidManifest.xml:17:1-22:12
MERGED from [androidx.loader:loader:1.0.0] AndroidManifest.xml:17:1-22:12
MERGED from [androidx.activity:activity:1.0.0] AndroidManifest.xml:17:1-24:12
MERGED from [androidx.vectordrawable:vectordrawable-animated:1.1.0] AndroidManifest.xml:17:1-24:12
MERGED from [androidx.vectordrawable:vectordrawable:1.1.0] AndroidManifest.xml:17:1-24:12
MERGED from [androidx.swiperefreshlayout:swiperefreshlayout:1.0.0] AndroidManifest.xml:17:1-22:12
MERGED from [androidx.asynclayoutinflater:asynclayoutinflater:1.0.0] AndroidManifest.xml:17:1-22:12
MERGED from [androidx.core:core:1.1.0] AndroidManifest.xml:17:1-26:12
MERGED from [androidx.cursoradapter:cursoradapter:1.0.0] AndroidManifest.xml:17:1-22:12
MERGED from [androidx.cardview:cardview:1.0.0] AndroidManifest.xml:17:1-22:12
MERGED from [androidx.interpolator:interpolator:1.0.0] AndroidManifest.xml:17:1-22:12
MERGED from [androidx.versionedparcelable:versionedparcelable:1.1.0] AndroidManifest.xml:17:1-27:12
MERGED from [androidx.documentfile:documentfile:1.0.0] AndroidManifest.xml:17:1-22:12
MERGED from [androidx.localbroadcastmanager:localbroadcastmanager:1.0.0] AndroidManifest.xml:17:1-22:12
MERGED from [androidx.print:print:1.0.0] AndroidManifest.xml:17:1-22:12
MERGED from [androidx.lifecycle:lifecycle-runtime:2.1.0] AndroidManifest.xml:17:1-22:12
MERGED from [androidx.lifecycle:lifecycle-viewmodel:2.1.0] AndroidManifest.xml:17:1-22:12
MERGED from [androidx.savedstate:savedstate:1.0.0] AndroidManifest.xml:17:1-24:12
MERGED from [androidx.lifecycle:lifecycle-livedata:2.0.0] AndroidManifest.xml:17:1-22:12
MERGED from [androidx.lifecycle:lifecycle-livedata-core:2.0.0] AndroidManifest.xml:17:1-22:12
MERGED from [androidx.arch.core:core-runtime:2.0.0] AndroidManifest.xml:17:1-22:12
MERGED from [io.nlopez.smartlocation:library:3.2.11] AndroidManifest.xml:2:1-30:12
MERGED from [com.facebook.fresco:fbcore:2.0.0] AndroidManifest.xml:2:1-9:12
INJECTED from src/main/AndroidManifest.xml:1:1-53:12
INJECTED from src/main/AndroidManifest.xml:1:1-53:12
INJECTED from src/main/AndroidManifest.xml:1:1-53:12
	package
		ADDED from src/main/AndroidManifest.xml:2:5-27
		INJECTED from src/main/AndroidManifest.xml
		INJECTED from src/main/AndroidManifest.xml
	android:versionName
		INJECTED from src/main/AndroidManifest.xml
		ADDED from src/main/AndroidManifest.xml:1:1-53:12
		INJECTED from src/main/AndroidManifest.xml
	android:versionCode
		INJECTED from src/main/AndroidManifest.xml
		ADDED from src/main/AndroidManifest.xml:1:1-53:12
		INJECTED from src/main/AndroidManifest.xml
	xmlns:android
		ADDED from src/main/AndroidManifest.xml:1:11-69
uses-permission#android.permission.INTERNET
ADDED from src/main/AndroidManifest.xml:4:5-67
MERGED from [:lottie-react-native] AndroidManifest.xml:9:5-67
MERGED from [:lottie-react-native] AndroidManifest.xml:9:5-67
MERGED from [:expo-file-system] AndroidManifest.xml:12:5-67
MERGED from [:expo-file-system] AndroidManifest.xml:12:5-67
	android:name
		ADDED from src/main/AndroidManifest.xml:4:22-64
uses-permission#android.permission.SYSTEM_ALERT_WINDOW
ADDED from src/main/AndroidManifest.xml:5:5-77
	android:name
		ADDED from src/main/AndroidManifest.xml:5:22-75
uses-permission#android.permission.MANAGE_DOCUMENTS
ADDED from src/main/AndroidManifest.xml:8:5-75
	android:name
		ADDED from src/main/AndroidManifest.xml:8:22-72
uses-permission#android.permission.READ_INTERNAL_STORAGE
ADDED from src/main/AndroidManifest.xml:9:5-80
	android:name
		ADDED from src/main/AndroidManifest.xml:9:22-77
uses-permission#android.permission.READ_PHONE_STATE
ADDED from src/main/AndroidManifest.xml:10:5-75
	android:name
		ADDED from src/main/AndroidManifest.xml:10:22-72
uses-permission#android.permission.USE_FINGERPRINT
ADDED from src/main/AndroidManifest.xml:11:5-74
	android:name
		ADDED from src/main/AndroidManifest.xml:11:22-71
uses-permission#android.permission.VIBRATE
ADDED from src/main/AndroidManifest.xml:12:5-66
	android:name
		ADDED from src/main/AndroidManifest.xml:12:22-63
uses-permission#android.permission.MODIFY_AUDIO_SETTINGS
ADDED from src/main/AndroidManifest.xml:13:5-80
	android:name
		ADDED from src/main/AndroidManifest.xml:13:22-77
uses-permission#android.permission.ACCESS_COARSE_LOCATION
ADDED from src/main/AndroidManifest.xml:16:5-81
MERGED from [:expo-location] AndroidManifest.xml:11:5-81
MERGED from [:expo-location] AndroidManifest.xml:11:5-81
MERGED from [io.nlopez.smartlocation:library:3.2.11] AndroidManifest.xml:12:5-81
MERGED from [io.nlopez.smartlocation:library:3.2.11] AndroidManifest.xml:12:5-81
	android:name
		ADDED from src/main/AndroidManifest.xml:16:22-78
uses-permission#android.permission.ACCESS_FINE_LOCATION
ADDED from src/main/AndroidManifest.xml:17:5-79
MERGED from [:expo-location] AndroidManifest.xml:12:5-79
MERGED from [:expo-location] AndroidManifest.xml:12:5-79
MERGED from [io.nlopez.smartlocation:library:3.2.11] AndroidManifest.xml:14:5-79
MERGED from [io.nlopez.smartlocation:library:3.2.11] AndroidManifest.xml:14:5-79
	android:name
		ADDED from src/main/AndroidManifest.xml:17:22-76
uses-permission#android.permission.CAMERA
ADDED from src/main/AndroidManifest.xml:18:5-65
MERGED from [com.google.android:cameraview:1.0.0] AndroidManifest.xml:23:5-65
MERGED from [com.google.android:cameraview:1.0.0] AndroidManifest.xml:23:5-65
	android:name
		ADDED from src/main/AndroidManifest.xml:18:22-62
uses-permission#android.permission.READ_CONTACTS
ADDED from src/main/AndroidManifest.xml:19:5-72
	android:name
		ADDED from src/main/AndroidManifest.xml:19:22-69
uses-permission#android.permission.READ_CALENDAR
ADDED from src/main/AndroidManifest.xml:20:5-72
	android:name
		ADDED from src/main/AndroidManifest.xml:20:22-69
uses-permission#android.permission.WRITE_CALENDAR
ADDED from src/main/AndroidManifest.xml:21:5-73
	android:name
		ADDED from src/main/AndroidManifest.xml:21:22-70
uses-permission#android.permission.READ_EXTERNAL_STORAGE
ADDED from src/main/AndroidManifest.xml:22:5-80
MERGED from [:expo-file-system] AndroidManifest.xml:14:5-80
MERGED from [:expo-file-system] AndroidManifest.xml:14:5-80
	android:name
		ADDED from src/main/AndroidManifest.xml:22:22-77
uses-permission#android.permission.RECORD_AUDIO
ADDED from src/main/AndroidManifest.xml:23:5-71
	android:name
		ADDED from src/main/AndroidManifest.xml:23:22-68
uses-permission#android.permission.WRITE_EXTERNAL_STORAGE
ADDED from src/main/AndroidManifest.xml:24:5-81
MERGED from [:expo-file-system] AndroidManifest.xml:13:5-81
MERGED from [:expo-file-system] AndroidManifest.xml:13:5-81
	android:name
		ADDED from src/main/AndroidManifest.xml:24:22-78
uses-permission#android.permission.WRITE_SETTINGS
ADDED from src/main/AndroidManifest.xml:25:5-73
	android:name
		ADDED from src/main/AndroidManifest.xml:25:22-70
application
ADDED from src/main/AndroidManifest.xml:28:5-51:19
MERGED from [:react-native-splash-screen] AndroidManifest.xml:11:5-12:19
MERGED from [:react-native-splash-screen] AndroidManifest.xml:11:5-12:19
MERGED from [com.google.android:cameraview:1.0.0] AndroidManifest.xml:32:5-20
MERGED from [com.google.android:cameraview:1.0.0] AndroidManifest.xml:32:5-20
MERGED from [:expo-image-picker] AndroidManifest.xml:11:5-23:19
MERGED from [:expo-image-picker] AndroidManifest.xml:11:5-23:19
MERGED from [com.facebook.android:facebook-android-sdk:5.0.1] AndroidManifest.xml:28:5-29:19
MERGED from [com.facebook.android:facebook-android-sdk:5.0.1] AndroidManifest.xml:28:5-29:19
MERGED from [com.facebook.android:facebook-login:5.0.1] AndroidManifest.xml:28:5-29:19
MERGED from [com.facebook.android:facebook-login:5.0.1] AndroidManifest.xml:28:5-29:19
MERGED from [com.facebook.android:facebook-share:5.0.1] AndroidManifest.xml:28:5-29:19
MERGED from [com.facebook.android:facebook-share:5.0.1] AndroidManifest.xml:28:5-29:19
MERGED from [com.facebook.android:facebook-common:5.0.1] AndroidManifest.xml:28:5-35:19
MERGED from [com.facebook.android:facebook-common:5.0.1] AndroidManifest.xml:28:5-35:19
MERGED from [com.facebook.react:react-native:0.61.5] AndroidManifest.xml:11:5-20
MERGED from [com.facebook.react:react-native:0.61.5] AndroidManifest.xml:11:5-20
MERGED from [com.airbnb.android:lottie:3.0.7] AndroidManifest.xml:9:5-20
MERGED from [com.airbnb.android:lottie:3.0.7] AndroidManifest.xml:9:5-20
MERGED from [com.google.android.material:material:1.0.0] AndroidManifest.xml:22:5-20
MERGED from [com.google.android.material:material:1.0.0] AndroidManifest.xml:22:5-20
MERGED from [:expo-file-system] AndroidManifest.xml:17:5-28:19
MERGED from [:expo-file-system] AndroidManifest.xml:17:5-28:19
MERGED from [:expo-location] AndroidManifest.xml:15:5-19:19
MERGED from [:expo-location] AndroidManifest.xml:15:5-19:19
MERGED from [com.google.android.gms:play-services-location:16.0.0] AndroidManifest.xml:7:5-20
MERGED from [com.google.android.gms:play-services-location:16.0.0] AndroidManifest.xml:7:5-20
MERGED from [com.google.android.gms:play-services-base:16.0.1] AndroidManifest.xml:22:5-27:19
MERGED from [com.google.android.gms:play-services-base:16.0.1] AndroidManifest.xml:22:5-27:19
MERGED from [com.google.android.gms:play-services-places-placereport:16.0.0] AndroidManifest.xml:22:5-20
MERGED from [com.google.android.gms:play-services-places-placereport:16.0.0] AndroidManifest.xml:22:5-20
MERGED from [com.google.android.gms:play-services-tasks:16.0.1] AndroidManifest.xml:7:5-20
MERGED from [com.google.android.gms:play-services-tasks:16.0.1] AndroidManifest.xml:7:5-20
MERGED from [com.google.android.gms:play-services-basement:16.0.1] AndroidManifest.xml:22:5-26:19
MERGED from [com.google.android.gms:play-services-basement:16.0.1] AndroidManifest.xml:22:5-26:19
MERGED from [com.facebook.soloader:soloader:0.6.0] AndroidManifest.xml:11:5-20
MERGED from [com.facebook.soloader:soloader:0.6.0] AndroidManifest.xml:11:5-20
MERGED from [com.github.bumptech.glide:glide:4.9.0] AndroidManifest.xml:10:5-20
MERGED from [com.github.bumptech.glide:glide:4.9.0] AndroidManifest.xml:10:5-20
MERGED from [com.android.billingclient:billing:2.0.0] AndroidManifest.xml:12:5-21:19
MERGED from [com.android.billingclient:billing:2.0.0] AndroidManifest.xml:12:5-21:19
MERGED from [com.github.bumptech.glide:gifdecoder:4.9.0] AndroidManifest.xml:9:5-20
MERGED from [com.github.bumptech.glide:gifdecoder:4.9.0] AndroidManifest.xml:9:5-20
MERGED from [com.facebook.android:facebook-places:5.0.1] AndroidManifest.xml:28:5-29:19
MERGED from [com.facebook.android:facebook-places:5.0.1] AndroidManifest.xml:28:5-29:19
MERGED from [com.facebook.android:facebook-applinks:5.0.1] AndroidManifest.xml:28:5-29:19
MERGED from [com.facebook.android:facebook-applinks:5.0.1] AndroidManifest.xml:28:5-29:19
MERGED from [com.facebook.android:facebook-messenger:5.0.1] AndroidManifest.xml:28:5-29:19
MERGED from [com.facebook.android:facebook-messenger:5.0.1] AndroidManifest.xml:28:5-29:19
MERGED from [com.facebook.android:facebook-core:5.0.1] AndroidManifest.xml:28:5-59:19
MERGED from [com.facebook.android:facebook-core:5.0.1] AndroidManifest.xml:28:5-59:19
MERGED from [androidx.core:core:1.1.0] AndroidManifest.xml:24:5-89
MERGED from [androidx.core:core:1.1.0] AndroidManifest.xml:24:5-89
MERGED from [androidx.versionedparcelable:versionedparcelable:1.1.0] AndroidManifest.xml:24:5-25:19
MERGED from [androidx.versionedparcelable:versionedparcelable:1.1.0] AndroidManifest.xml:24:5-25:19
MERGED from [io.nlopez.smartlocation:library:3.2.11] AndroidManifest.xml:18:5-28:19
MERGED from [io.nlopez.smartlocation:library:3.2.11] AndroidManifest.xml:18:5-28:19
	android:appComponentFactory
		ADDED from [androidx.core:core:1.1.0] AndroidManifest.xml:24:18-86
	android:supportsRtl
		ADDED from [com.facebook.android:facebook-android-sdk:5.0.1] AndroidManifest.xml:28:18-44
	android:label
		ADDED from src/main/AndroidManifest.xml:30:7-39
	android:roundIcon
		ADDED from src/main/AndroidManifest.xml:32:7-52
	android:icon
		ADDED from src/main/AndroidManifest.xml:31:7-41
	android:allowBackup
		ADDED from src/main/AndroidManifest.xml:33:7-34
	android:theme
		ADDED from src/main/AndroidManifest.xml:34:7-38
	android:name
		ADDED from src/main/AndroidManifest.xml:29:7-38
activity#com.theartofdev.edmodo.cropper.CropImageActivity
ADDED from src/main/AndroidManifest.xml:35:7-38:18
	android:theme
		ADDED from src/main/AndroidManifest.xml:37:9-52
	android:name
		ADDED from src/main/AndroidManifest.xml:36:9-72
activity#com.charades.MainActivity
ADDED from src/main/AndroidManifest.xml:39:7-48:18
	android:label
		ADDED from src/main/AndroidManifest.xml:41:9-41
	android:windowSoftInputMode
		ADDED from src/main/AndroidManifest.xml:43:9-51
	android:configChanges
		ADDED from src/main/AndroidManifest.xml:42:9-79
	android:name
		ADDED from src/main/AndroidManifest.xml:40:9-37
intent-filter#action:name:android.intent.action.MAIN+category:name:android.intent.category.LAUNCHER
ADDED from src/main/AndroidManifest.xml:44:9-47:25
action#android.intent.action.MAIN
ADDED from src/main/AndroidManifest.xml:45:13-65
	android:name
		ADDED from src/main/AndroidManifest.xml:45:21-62
category#android.intent.category.LAUNCHER
ADDED from src/main/AndroidManifest.xml:46:13-73
	android:name
		ADDED from src/main/AndroidManifest.xml:46:23-70
activity#com.facebook.react.devsupport.DevSettingsActivity
ADDED from src/main/AndroidManifest.xml:49:7-84
	android:name
		ADDED from src/main/AndroidManifest.xml:49:17-81
meta-data#com.facebook.sdk.ApplicationId
ADDED from src/main/AndroidManifest.xml:50:7-98
	android:value
		ADDED from src/main/AndroidManifest.xml:50:64-96
	android:name
		ADDED from src/main/AndroidManifest.xml:50:18-63
uses-sdk
INJECTED from src/main/AndroidManifest.xml reason: use-sdk injection requested
INJECTED from src/main/AndroidManifest.xml
INJECTED from src/main/AndroidManifest.xml
MERGED from [:react-native-splash-screen] AndroidManifest.xml:7:5-9:41
MERGED from [:react-native-splash-screen] AndroidManifest.xml:7:5-9:41
MERGED from [:lottie-react-native] AndroidManifest.xml:5:5-7:41
MERGED from [:lottie-react-native] AndroidManifest.xml:5:5-7:41
MERGED from [:react-native-svg] AndroidManifest.xml:5:5-7:41
MERGED from [:react-native-svg] AndroidManifest.xml:5:5-7:41
MERGED from [:react-native-screens] AndroidManifest.xml:7:5-9:41
MERGED from [:react-native-screens] AndroidManifest.xml:7:5-9:41
MERGED from [:react-native-reanimated] AndroidManifest.xml:7:5-9:41
MERGED from [:react-native-reanimated] AndroidManifest.xml:7:5-9:41
MERGED from [:react-native-gesture-handler] AndroidManifest.xml:7:5-9:41
MERGED from [:react-native-gesture-handler] AndroidManifest.xml:7:5-9:41
MERGED from [:expo-permissions] AndroidManifest.xml:7:5-9:41
MERGED from [:expo-permissions] AndroidManifest.xml:7:5-9:41
MERGED from [:expo-camera] AndroidManifest.xml:7:5-9:41
MERGED from [:expo-camera] AndroidManifest.xml:7:5-9:41
MERGED from [com.google.android:cameraview:1.0.0] AndroidManifest.xml:19:5-21:41
MERGED from [com.google.android:cameraview:1.0.0] AndroidManifest.xml:19:5-21:41
MERGED from [:expo-image-picker] AndroidManifest.xml:7:5-9:41
MERGED from [:expo-image-picker] AndroidManifest.xml:7:5-9:41
MERGED from [com.theartofdev.edmodo:android-image-cropper:2.7.0] AndroidManifest.xml:7:5-9:41
MERGED from [com.theartofdev.edmodo:android-image-cropper:2.7.0] AndroidManifest.xml:7:5-9:41
MERGED from [:expo-facebook] AndroidManifest.xml:7:5-9:41
MERGED from [:expo-facebook] AndroidManifest.xml:7:5-9:41
MERGED from [com.facebook.android:facebook-android-sdk:5.0.1] AndroidManifest.xml:24:5-26:41
MERGED from [com.facebook.android:facebook-android-sdk:5.0.1] AndroidManifest.xml:24:5-26:41
MERGED from [com.facebook.android:facebook-login:5.0.1] AndroidManifest.xml:24:5-26:41
MERGED from [com.facebook.android:facebook-login:5.0.1] AndroidManifest.xml:24:5-26:41
MERGED from [com.facebook.android:facebook-share:5.0.1] AndroidManifest.xml:24:5-26:41
MERGED from [com.facebook.android:facebook-share:5.0.1] AndroidManifest.xml:24:5-26:41
MERGED from [com.facebook.android:facebook-common:5.0.1] AndroidManifest.xml:24:5-26:41
MERGED from [com.facebook.android:facebook-common:5.0.1] AndroidManifest.xml:24:5-26:41
MERGED from [:unimodules-react-native-adapter] AndroidManifest.xml:7:5-9:41
MERGED from [:unimodules-react-native-adapter] AndroidManifest.xml:7:5-9:41
MERGED from [com.facebook.react:react-native:0.61.5] AndroidManifest.xml:7:5-9:41
MERGED from [com.facebook.react:react-native:0.61.5] AndroidManifest.xml:7:5-9:41
MERGED from [com.airbnb.android:lottie:3.0.7] AndroidManifest.xml:5:5-7:41
MERGED from [com.airbnb.android:lottie:3.0.7] AndroidManifest.xml:5:5-7:41
MERGED from [com.google.android.material:material:1.0.0] AndroidManifest.xml:20:5-44
MERGED from [com.google.android.material:material:1.0.0] AndroidManifest.xml:20:5-44
MERGED from [androidx.appcompat:appcompat:1.1.0] AndroidManifest.xml:20:5-22:41
MERGED from [androidx.appcompat:appcompat:1.1.0] AndroidManifest.xml:20:5-22:41
MERGED from [:expo-app-loader-provider] AndroidManifest.xml:7:5-9:41
MERGED from [:expo-app-loader-provider] AndroidManifest.xml:7:5-9:41
MERGED from [:expo-av] AndroidManifest.xml:7:5-9:41
MERGED from [:expo-av] AndroidManifest.xml:7:5-9:41
MERGED from [:expo-brightness] AndroidManifest.xml:7:5-9:41
MERGED from [:expo-brightness] AndroidManifest.xml:7:5-9:41
MERGED from [:expo-constants] AndroidManifest.xml:7:5-9:41
MERGED from [:expo-constants] AndroidManifest.xml:7:5-9:41
MERGED from [:expo-error-recovery] AndroidManifest.xml:7:5-9:41
MERGED from [:expo-error-recovery] AndroidManifest.xml:7:5-9:41
MERGED from [:expo-file-system] AndroidManifest.xml:8:5-10:41
MERGED from [:expo-file-system] AndroidManifest.xml:8:5-10:41
MERGED from [:expo-font] AndroidManifest.xml:7:5-9:41
MERGED from [:expo-font] AndroidManifest.xml:7:5-9:41
MERGED from [:expo-in-app-purchases] AndroidManifest.xml:7:5-9:41
MERGED from [:expo-in-app-purchases] AndroidManifest.xml:7:5-9:41
MERGED from [:expo-keep-awake] AndroidManifest.xml:7:5-9:41
MERGED from [:expo-keep-awake] AndroidManifest.xml:7:5-9:41
MERGED from [:expo-linear-gradient] AndroidManifest.xml:7:5-9:41
MERGED from [:expo-linear-gradient] AndroidManifest.xml:7:5-9:41
MERGED from [:expo-location] AndroidManifest.xml:7:5-9:41
MERGED from [:expo-location] AndroidManifest.xml:7:5-9:41
MERGED from [:expo-sqlite] AndroidManifest.xml:7:5-9:41
MERGED from [:expo-sqlite] AndroidManifest.xml:7:5-9:41
MERGED from [:expo-web-browser] AndroidManifest.xml:7:5-9:41
MERGED from [:expo-web-browser] AndroidManifest.xml:7:5-9:41
MERGED from [:unimodules-barcode-scanner-interface] AndroidManifest.xml:7:5-9:41
MERGED from [:unimodules-barcode-scanner-interface] AndroidManifest.xml:7:5-9:41
MERGED from [:unimodules-camera-interface] AndroidManifest.xml:7:5-9:41
MERGED from [:unimodules-camera-interface] AndroidManifest.xml:7:5-9:41
MERGED from [:unimodules-constants-interface] AndroidManifest.xml:7:5-9:41
MERGED from [:unimodules-constants-interface] AndroidManifest.xml:7:5-9:41
MERGED from [:unimodules-face-detector-interface] AndroidManifest.xml:7:5-9:41
MERGED from [:unimodules-face-detector-interface] AndroidManifest.xml:7:5-9:41
MERGED from [:unimodules-file-system-interface] AndroidManifest.xml:7:5-9:41
MERGED from [:unimodules-file-system-interface] AndroidManifest.xml:7:5-9:41
MERGED from [:unimodules-font-interface] AndroidManifest.xml:7:5-9:41
MERGED from [:unimodules-font-interface] AndroidManifest.xml:7:5-9:41
MERGED from [:unimodules-permissions-interface] AndroidManifest.xml:7:5-9:41
MERGED from [:unimodules-permissions-interface] AndroidManifest.xml:7:5-9:41
MERGED from [:unimodules-task-manager-interface] AndroidManifest.xml:7:5-9:41
MERGED from [:unimodules-task-manager-interface] AndroidManifest.xml:7:5-9:41
MERGED from [:unimodules-core] AndroidManifest.xml:7:5-9:41
MERGED from [:unimodules-core] AndroidManifest.xml:7:5-9:41
MERGED from [:unimodules-image-loader-interface] AndroidManifest.xml:7:5-9:41
MERGED from [:unimodules-image-loader-interface] AndroidManifest.xml:7:5-9:41
MERGED from [:unimodules-sensors-interface] AndroidManifest.xml:7:5-9:41
MERGED from [:unimodules-sensors-interface] AndroidManifest.xml:7:5-9:41
MERGED from [org.webkit:android-jsc:r245459] AndroidManifest.xml:7:5-9:41
MERGED from [org.webkit:android-jsc:r245459] AndroidManifest.xml:7:5-9:41
MERGED from [com.google.android.gms:play-services-location:16.0.0] AndroidManifest.xml:5:5-44
MERGED from [com.google.android.gms:play-services-location:16.0.0] AndroidManifest.xml:5:5-44
MERGED from [com.google.android.gms:play-services-base:16.0.1] AndroidManifest.xml:20:5-44
MERGED from [com.google.android.gms:play-services-base:16.0.1] AndroidManifest.xml:20:5-44
MERGED from [com.google.android.gms:play-services-places-placereport:16.0.0] AndroidManifest.xml:20:5-44
MERGED from [com.google.android.gms:play-services-places-placereport:16.0.0] AndroidManifest.xml:20:5-44
MERGED from [com.google.android.gms:play-services-tasks:16.0.1] AndroidManifest.xml:5:5-44
MERGED from [com.google.android.gms:play-services-tasks:16.0.1] AndroidManifest.xml:5:5-44
MERGED from [com.google.android.gms:play-services-basement:16.0.1] AndroidManifest.xml:20:5-44
MERGED from [com.google.android.gms:play-services-basement:16.0.1] AndroidManifest.xml:20:5-44
MERGED from [androidx.legacy:legacy-support-v4:1.0.0] AndroidManifest.xml:20:5-44
MERGED from [androidx.legacy:legacy-support-v4:1.0.0] AndroidManifest.xml:20:5-44
MERGED from [androidx.browser:browser:1.0.0] AndroidManifest.xml:20:5-44
MERGED from [androidx.browser:browser:1.0.0] AndroidManifest.xml:20:5-44
MERGED from [androidx.recyclerview:recyclerview:1.0.0] AndroidManifest.xml:20:5-44
MERGED from [androidx.recyclerview:recyclerview:1.0.0] AndroidManifest.xml:20:5-44
MERGED from [androidx.legacy:legacy-support-core-ui:1.0.0] AndroidManifest.xml:20:5-44
MERGED from [androidx.legacy:legacy-support-core-ui:1.0.0] AndroidManifest.xml:20:5-44
MERGED from [androidx.coordinatorlayout:coordinatorlayout:1.0.0] AndroidManifest.xml:20:5-44
MERGED from [androidx.coordinatorlayout:coordinatorlayout:1.0.0] AndroidManifest.xml:20:5-44
MERGED from [androidx.transition:transition:1.1.0] AndroidManifest.xml:20:5-44
MERGED from [androidx.transition:transition:1.1.0] AndroidManifest.xml:20:5-44
MERGED from [com.facebook.fresco:fresco:2.0.0] AndroidManifest.xml:5:5-7:41
MERGED from [com.facebook.fresco:fresco:2.0.0] AndroidManifest.xml:5:5-7:41
MERGED from [com.facebook.fresco:imagepipeline-okhttp3:2.0.0] AndroidManifest.xml:5:5-7:41
MERGED from [com.facebook.fresco:imagepipeline-okhttp3:2.0.0] AndroidManifest.xml:5:5-7:41
MERGED from [com.facebook.fresco:drawee:2.0.0] AndroidManifest.xml:5:5-7:41